[debug] [2019-09-03T08:11:53.276Z] ----------------------------------------------------------------------
[debug] [2019-09-03T08:11:53.278Z] Command:       C:\Program Files\nodejs\node.exe C:\Users\aa\AppData\Roaming\npm\node_modules\firebase-tools\lib\bin\firebase.js deploy
[debug] [2019-09-03T08:11:53.279Z] CLI Version:   7.2.2
[debug] [2019-09-03T08:11:53.279Z] Platform:      win32
[debug] [2019-09-03T08:11:53.279Z] Node Version:  v12.7.0
[debug] [2019-09-03T08:11:53.279Z] Time:          Tue Sep 03 2019 13:11:53 GMT+0500 (Pakistan Standard Time)
[debug] [2019-09-03T08:11:53.279Z] ----------------------------------------------------------------------
[debug] 
[debug] [2019-09-03T08:11:53.291Z] > command requires scopes: ["email","openid","https://www.googleapis.com/auth/cloudplatformprojects.readonly","https://www.googleapis.com/auth/firebase","https://www.googleapis.com/auth/cloud-platform"]
[debug] [2019-09-03T08:11:53.292Z] > authorizing via signed-in user
[debug] [2019-09-03T08:11:53.292Z] [iam] checking project cloud-functions-49248 for permissions ["cloudfunctions.functions.create","cloudfunctions.functions.delete","cloudfunctions.functions.get","cloudfunctions.functions.list","cloudfunctions.functions.update","cloudfunctions.operations.get","firebase.projects.get"]
[debug] [2019-09-03T08:11:53.294Z] >>> HTTP REQUEST POST https://cloudresourcemanager.googleapis.com/v1/projects/cloud-functions-49248:testIamPermissions  

[debug] [2019-09-03T08:11:55.383Z] <<< HTTP RESPONSE 200
[info] 
[info] === Deploying to 'cloud-functions-49248'...
[info] 
[info] i  deploying functions
[info] Running command: npm --prefix "$RESOURCE_DIR" run lint
[info] Running command: npm --prefix "$RESOURCE_DIR" run build
[info] +  functions: Finished running predeploy script.
[debug] [2019-09-03T08:12:04.102Z] > [functions] package.json contents: {
  "name": "functions",
  "scripts": {
    "lint": "tslint --project tsconfig.json",
    "build": "tsc",
    "serve": "npm run build && firebase serve --only functions",
    "shell": "npm run build && firebase functions:shell",
    "start": "npm run shell",
    "deploy": "firebase deploy --only functions",
    "logs": "firebase functions:log"
  },
  "engines": {
    "node": "8"
  },
  "main": "lib/index.js",
  "dependencies": {
    "firebase-admin": "^8.0.0",
    "firebase-functions": "^3.1.0"
  },
  "devDependencies": {
    "tslint": "^5.12.0",
    "typescript": "^3.2.2"
  },
  "private": true
}
[info] i  functions: ensuring necessary APIs are enabled...
[debug] [2019-09-03T08:12:04.103Z] >>> HTTP REQUEST GET https://serviceusage.googleapis.com/v1/projects/cloud-functions-49248/services/cloudfunctions.googleapis.com  
 
[debug] [2019-09-03T08:12:04.104Z] >>> HTTP REQUEST GET https://serviceusage.googleapis.com/v1/projects/cloud-functions-49248/services/runtimeconfig.googleapis.com  
 
[debug] [2019-09-03T08:12:06.156Z] <<< HTTP RESPONSE 200
[debug] [2019-09-03T08:12:06.323Z] <<< HTTP RESPONSE 200
[info] +  functions: all necessary APIs are enabled
[debug] [2019-09-03T08:12:06.328Z] >>> HTTP REQUEST GET https://firebase.googleapis.com/v1beta1/projects/cloud-functions-49248/adminSdkConfig  
 
[debug] [2019-09-03T08:12:07.337Z] <<< HTTP RESPONSE 200
[info] i  functions: preparing functions directory for uploading...
[debug] [2019-09-03T08:12:07.344Z] >>> HTTP REQUEST GET https://runtimeconfig.googleapis.com/v1beta1/projects/cloud-functions-49248/configs  
 
[debug] [2019-09-03T08:12:08.375Z] <<< HTTP RESPONSE 200
[info] i  functions: packaged functions (30.65 KB) for uploading
[debug] [2019-09-03T08:12:08.565Z] >>> HTTP REQUEST POST https://cloudfunctions.googleapis.com/v1/projects/cloud-functions-49248/locations/us-central1/functions:generateUploadUrl  
 
[debug] [2019-09-03T08:12:49.456Z] <<< HTTP RESPONSE 200
[debug] [2019-09-03T08:12:49.457Z] >>> HTTP REQUEST PUT https://storage.googleapis.com/gcf-upload-us-central1-466a64df-01bd-446e-9583-2cc423fbb988/f44cbd31-0328-4649-a961-0e10e22a92f3.zip?GoogleAccessId=service-36060508948@gcf-admin-robot.iam.gserviceaccount.com&Expires=1567500162&Signature=GjhQp0F%2FsDB0ZZj4rXeeNiHNzwDLokwhB57Nbgj0sXVcLLDcjEGMViVIvCHBT%2BBP%2B3qmgoO2de8%2BzJ%2FCOay53XXM1IZRqa3TcDa%2BivBa4Ykjpp6zYGz26G1BRdGxL3jghlgEWgAJQVW61iwcTkkZc1VIl1PbYm%2FStCAaDe4nJszLUDifhal25AUQPhKDpi2aFvbgS%2BoeMZV2dapXcyMI4psLZREw7mdYrMQXc1FarJMSvVk8hgwUmbMyqnfm%2FZUN1MYAOQRnXRtwPhkmU9XXpy%2FOqsypVoocr8Aq%2BNIuT3ek42TwogABtojSA%2FHqfkaZpnKhvdmHJnVFhC4hH4p%2FrQ%3D%3D  
 <request body omitted>
[debug] [2019-09-03T08:12:51.944Z] <<< HTTP RESPONSE 200
[info] +  functions: functions folder uploaded successfully
[debug] [2019-09-03T08:12:51.949Z] >>> HTTP REQUEST GET https://cloudfunctions.googleapis.com/v1/projects/cloud-functions-49248/locations/-/functions  
 
[debug] [2019-09-03T08:12:53.501Z] <<< HTTP RESPONSE 200
[info] i  functions: creating Node.js 8 function helloWorld(us-central1)...
[debug] [2019-09-03T08:12:53.507Z] Trigger is:  {"httpsTrigger":{}}
[debug] [2019-09-03T08:12:53.509Z] >>> HTTP REQUEST GET https://serviceusage.googleapis.com/v1/projects/cloud-functions-49248/services/cloudscheduler.googleapis.com  
 
[debug] [2019-09-03T08:12:55.745Z] <<< HTTP RESPONSE 200
[debug] [2019-09-03T08:12:55.747Z] >>> HTTP REQUEST POST https://cloudfunctions.googleapis.com/v1/projects/cloud-functions-49248/locations/us-central1/functions  

[debug] [2019-09-03T08:12:58.449Z] <<< HTTP RESPONSE 200
[debug] [2019-09-03T08:12:58.452Z] >>> HTTP REQUEST GET https://cloudfunctions.googleapis.com/v1/projects/cloud-functions-49248/locations/-/functions  
 
[debug] [2019-09-03T08:13:02.500Z] <<< HTTP RESPONSE 200
[debug] [2019-09-03T08:13:02.502Z] >>> HTTP REQUEST GET https://cloudfunctions.googleapis.com/v1/operations/Y2xvdWQtZnVuY3Rpb25zLTQ5MjQ4L3VzLWNlbnRyYWwxL2hlbGxvV29ybGQvV2tKVTktck10aHc  
 
[debug] [2019-09-03T08:13:04.567Z] <<< HTTP RESPONSE 200
[debug] [2019-09-03T08:13:06.569Z] >>> HTTP REQUEST GET https://cloudfunctions.googleapis.com/v1/operations/Y2xvdWQtZnVuY3Rpb25zLTQ5MjQ4L3VzLWNlbnRyYWwxL2hlbGxvV29ybGQvV2tKVTktck10aHc  
 
[debug] [2019-09-03T08:13:08.364Z] <<< HTTP RESPONSE 200
[debug] [2019-09-03T08:13:10.364Z] >>> HTTP REQUEST GET https://cloudfunctions.googleapis.com/v1/operations/Y2xvdWQtZnVuY3Rpb25zLTQ5MjQ4L3VzLWNlbnRyYWwxL2hlbGxvV29ybGQvV2tKVTktck10aHc  
 
[debug] [2019-09-03T08:13:14.622Z] <<< HTTP RESPONSE 200
[debug] [2019-09-03T08:13:16.622Z] >>> HTTP REQUEST GET https://cloudfunctions.googleapis.com/v1/operations/Y2xvdWQtZnVuY3Rpb25zLTQ5MjQ4L3VzLWNlbnRyYWwxL2hlbGxvV29ybGQvV2tKVTktck10aHc  
 
[debug] [2019-09-03T08:13:18.020Z] <<< HTTP RESPONSE 200
[debug] [2019-09-03T08:13:20.021Z] >>> HTTP REQUEST GET https://cloudfunctions.googleapis.com/v1/operations/Y2xvdWQtZnVuY3Rpb25zLTQ5MjQ4L3VzLWNlbnRyYWwxL2hlbGxvV29ybGQvV2tKVTktck10aHc  
 
[debug] [2019-09-03T08:13:24.697Z] <<< HTTP RESPONSE 200
[debug] [2019-09-03T08:13:26.698Z] >>> HTTP REQUEST GET https://cloudfunctions.googleapis.com/v1/operations/Y2xvdWQtZnVuY3Rpb25zLTQ5MjQ4L3VzLWNlbnRyYWwxL2hlbGxvV29ybGQvV2tKVTktck10aHc  
 
[debug] [2019-09-03T08:13:31.595Z] <<< HTTP RESPONSE 200
[debug] [2019-09-03T08:13:33.596Z] >>> HTTP REQUEST GET https://cloudfunctions.googleapis.com/v1/operations/Y2xvdWQtZnVuY3Rpb25zLTQ5MjQ4L3VzLWNlbnRyYWwxL2hlbGxvV29ybGQvV2tKVTktck10aHc  
 
[debug] [2019-09-03T08:13:34.588Z] <<< HTTP RESPONSE 200
[debug] [2019-09-03T08:13:36.589Z] >>> HTTP REQUEST GET https://cloudfunctions.googleapis.com/v1/operations/Y2xvdWQtZnVuY3Rpb25zLTQ5MjQ4L3VzLWNlbnRyYWwxL2hlbGxvV29ybGQvV2tKVTktck10aHc  
 
[debug] [2019-09-03T08:13:38.226Z] <<< HTTP RESPONSE 200
[debug] [2019-09-03T08:13:40.226Z] >>> HTTP REQUEST GET https://cloudfunctions.googleapis.com/v1/operations/Y2xvdWQtZnVuY3Rpb25zLTQ5MjQ4L3VzLWNlbnRyYWwxL2hlbGxvV29ybGQvV2tKVTktck10aHc  
 
[debug] [2019-09-03T08:13:41.943Z] <<< HTTP RESPONSE 200
[debug] [2019-09-03T08:13:43.944Z] >>> HTTP REQUEST GET https://cloudfunctions.googleapis.com/v1/operations/Y2xvdWQtZnVuY3Rpb25zLTQ5MjQ4L3VzLWNlbnRyYWwxL2hlbGxvV29ybGQvV2tKVTktck10aHc  
 
[debug] [2019-09-03T08:13:44.651Z] <<< HTTP RESPONSE 200
[debug] [2019-09-03T08:13:46.652Z] >>> HTTP REQUEST GET https://cloudfunctions.googleapis.com/v1/operations/Y2xvdWQtZnVuY3Rpb25zLTQ5MjQ4L3VzLWNlbnRyYWwxL2hlbGxvV29ybGQvV2tKVTktck10aHc  
 
[debug] [2019-09-03T08:13:47.289Z] <<< HTTP RESPONSE 200
[debug] [2019-09-03T08:13:49.290Z] >>> HTTP REQUEST GET https://cloudfunctions.googleapis.com/v1/operations/Y2xvdWQtZnVuY3Rpb25zLTQ5MjQ4L3VzLWNlbnRyYWwxL2hlbGxvV29ybGQvV2tKVTktck10aHc  
 
[debug] [2019-09-03T08:13:50.196Z] <<< HTTP RESPONSE 200
[debug] [2019-09-03T08:13:52.198Z] >>> HTTP REQUEST GET https://cloudfunctions.googleapis.com/v1/operations/Y2xvdWQtZnVuY3Rpb25zLTQ5MjQ4L3VzLWNlbnRyYWwxL2hlbGxvV29ybGQvV2tKVTktck10aHc  
 
[debug] [2019-09-03T08:13:54.155Z] <<< HTTP RESPONSE 200
